2020-12-02 18:38:31.2655|INFO|Microsoft.Hosting.Lifetime|Application started. Press Ctrl+C to shut down.
2020-12-02 18:38:31.2945|INFO|Microsoft.Hosting.Lifetime|Hosting environment: Development
2020-12-02 18:38:31.2994|INFO|Microsoft.Hosting.Lifetime|Content root path: C:\Users\admin\source\repos\mvc\mvc
2020-12-03 09:26:28.8387|INFO|Microsoft.Hosting.Lifetime|Application started. Press Ctrl+C to shut down.
2020-12-03 09:26:28.8650|INFO|Microsoft.Hosting.Lifetime|Hosting environment: Development
2020-12-03 09:26:28.8650|INFO|Microsoft.Hosting.Lifetime|Content root path: C:\Users\admin\source\repos\mvc\mvc
2020-12-03 09:28:04.3602|INFO|Microsoft.Hosting.Lifetime|Application started. Press Ctrl+C to shut down.
2020-12-03 09:28:04.3909|INFO|Microsoft.Hosting.Lifetime|Hosting environment: Development
2020-12-03 09:28:04.3909|INFO|Microsoft.Hosting.Lifetime|Content root path: C:\Users\admin\source\repos\mvc\mvc
2020-12-03 09:46:40.7915|INFO|Microsoft.Hosting.Lifetime|Application started. Press Ctrl+C to shut down.
2020-12-03 09:46:40.8175|INFO|Microsoft.Hosting.Lifetime|Hosting environment: Development
2020-12-03 09:46:40.8175|INFO|Microsoft.Hosting.Lifetime|Content root path: C:\Users\admin\source\repos\mvc\mvc
2020-12-03 09:53:06.3005|INFO|Microsoft.Hosting.Lifetime|Application started. Press Ctrl+C to shut down.
2020-12-03 09:53:06.3344|INFO|Microsoft.Hosting.Lifetime|Hosting environment: Development
2020-12-03 09:53:06.3344|INFO|Microsoft.Hosting.Lifetime|Content root path: C:\Users\admin\source\repos\mvc\mvc
2020-12-03 09:58:09.2441|INFO|Microsoft.Hosting.Lifetime|Application started. Press Ctrl+C to shut down.
2020-12-03 09:58:09.2712|INFO|Microsoft.Hosting.Lifetime|Hosting environment: Development
2020-12-03 09:58:09.2712|INFO|Microsoft.Hosting.Lifetime|Content root path: C:\Users\admin\source\repos\mvc\mvc
2020-12-03 09:58:31.6699|INFO|Microsoft.Hosting.Lifetime|Application started. Press Ctrl+C to shut down.
2020-12-03 09:58:31.6962|INFO|Microsoft.Hosting.Lifetime|Hosting environment: Development
2020-12-03 09:58:31.7011|INFO|Microsoft.Hosting.Lifetime|Content root path: C:\Users\admin\source\repos\mvc\mvc
2020-12-03 09:59:52.4521|INFO|Microsoft.Hosting.Lifetime|Application started. Press Ctrl+C to shut down.
2020-12-03 09:59:52.4770|INFO|Microsoft.Hosting.Lifetime|Hosting environment: Development
2020-12-03 09:59:52.4770|INFO|Microsoft.Hosting.Lifetime|Content root path: C:\Users\admin\source\repos\mvc\mvc
2020-12-03 10:19:25.5379|INFO|Microsoft.Hosting.Lifetime|Application started. Press Ctrl+C to shut down.
2020-12-03 10:19:25.5645|INFO|Microsoft.Hosting.Lifetime|Hosting environment: Development
2020-12-03 10:19:25.5645|INFO|Microsoft.Hosting.Lifetime|Content root path: C:\Users\admin\source\repos\mvc\mvc
2020-12-03 10:22:32.2716|INFO|Microsoft.Hosting.Lifetime|Application started. Press Ctrl+C to shut down.
2020-12-03 10:22:32.2963|INFO|Microsoft.Hosting.Lifetime|Hosting environment: Development
2020-12-03 10:22:32.2963|INFO|Microsoft.Hosting.Lifetime|Content root path: C:\Users\admin\source\repos\mvc\mvc
2020-12-03 11:08:45.0216|INFO|Microsoft.Hosting.Lifetime|Application started. Press Ctrl+C to shut down.
2020-12-03 11:08:45.0539|INFO|Microsoft.Hosting.Lifetime|Hosting environment: Development
2020-12-03 11:08:45.0539|INFO|Microsoft.Hosting.Lifetime|Content root path: C:\Users\admin\source\repos\mvc\mvc
2020-12-03 11:09:06.2737|INFO|Microsoft.Hosting.Lifetime|Application started. Press Ctrl+C to shut down.
2020-12-03 11:09:06.3010|INFO|Microsoft.Hosting.Lifetime|Hosting environment: Development
2020-12-03 11:09:06.3010|INFO|Microsoft.Hosting.Lifetime|Content root path: C:\Users\admin\source\repos\mvc\mvc
2020-12-03 11:57:43.5838|INFO|Microsoft.Hosting.Lifetime|Application started. Press Ctrl+C to shut down.
2020-12-03 11:57:43.6156|INFO|Microsoft.Hosting.Lifetime|Hosting environment: Development
2020-12-03 11:57:43.6156|INFO|Microsoft.Hosting.Lifetime|Content root path: C:\Users\admin\source\repos\mvc\mvc
2020-12-03 12:00:17.9207|INFO|Microsoft.Hosting.Lifetime|Application started. Press Ctrl+C to shut down.
2020-12-03 12:00:17.9482|INFO|Microsoft.Hosting.Lifetime|Hosting environment: Development
2020-12-03 12:00:17.9539|INFO|Microsoft.Hosting.Lifetime|Content root path: C:\Users\admin\source\repos\mvc\mvc
2020-12-03 12:04:44.8767|INFO|Microsoft.Hosting.Lifetime|Application started. Press Ctrl+C to shut down.
2020-12-03 12:04:44.9057|INFO|Microsoft.Hosting.Lifetime|Hosting environment: Development
2020-12-03 12:04:44.9057|INFO|Microsoft.Hosting.Lifetime|Content root path: C:\Users\admin\source\repos\mvc\mvc
2020-12-03 12:16:48.6412|INFO|Microsoft.Hosting.Lifetime|Application started. Press Ctrl+C to shut down.
2020-12-03 12:16:48.6694|INFO|Microsoft.Hosting.Lifetime|Hosting environment: Development
2020-12-03 12:16:48.6694|INFO|Microsoft.Hosting.Lifetime|Content root path: C:\Users\admin\source\repos\mvc\mvc
2020-12-03 12:20:51.4890|INFO|Microsoft.Hosting.Lifetime|Application started. Press Ctrl+C to shut down.
2020-12-03 12:20:51.5152|INFO|Microsoft.Hosting.Lifetime|Hosting environment: Development
2020-12-03 12:20:51.5152|INFO|Microsoft.Hosting.Lifetime|Content root path: C:\Users\admin\source\repos\mvc\mvc
2020-12-03 12:39:19.5882|INFO|Microsoft.Hosting.Lifetime|Application started. Press Ctrl+C to shut down.
2020-12-03 12:39:19.6158|INFO|Microsoft.Hosting.Lifetime|Hosting environment: Development
2020-12-03 12:39:19.6158|INFO|Microsoft.Hosting.Lifetime|Content root path: C:\Users\admin\source\repos\mvc\mvc
2020-12-03 12:43:32.3972|FATAL|Microsoft.AspNetCore.Hosting.Diagnostics|Application startup exception
2020-12-03 12:45:22.7057|INFO|Microsoft.Hosting.Lifetime|Application started. Press Ctrl+C to shut down.
2020-12-03 12:45:22.7315|INFO|Microsoft.Hosting.Lifetime|Hosting environment: Development
2020-12-03 12:45:22.7385|INFO|Microsoft.Hosting.Lifetime|Content root path: C:\Users\admin\source\repos\mvc\mvc
2020-12-03 16:10:17.4275|INFO|Microsoft.Hosting.Lifetime|Application started. Press Ctrl+C to shut down.
2020-12-03 16:10:17.4519|INFO|Microsoft.Hosting.Lifetime|Hosting environment: Production
2020-12-03 16:10:17.4519|INFO|Microsoft.Hosting.Lifetime|Content root path: C:\Users\admin\source\repos\mvc\mvc
2020-12-03 16:11:49.0990|INFO|Microsoft.Hosting.Lifetime|Application started. Press Ctrl+C to shut down.
2020-12-03 16:11:49.1256|INFO|Microsoft.Hosting.Lifetime|Hosting environment: Production
2020-12-03 16:11:49.1256|INFO|Microsoft.Hosting.Lifetime|Content root path: C:\Users\admin\source\repos\mvc\mvc
2020-12-03 16:12:22.1280|INFO|Microsoft.Hosting.Lifetime|Application started. Press Ctrl+C to shut down.
2020-12-03 16:12:22.1512|INFO|Microsoft.Hosting.Lifetime|Hosting environment: Developer
2020-12-03 16:12:22.1543|INFO|Microsoft.Hosting.Lifetime|Content root path: C:\Users\admin\source\repos\mvc\mvc
2020-12-03 16:12:22.8309|ERROR|Microsoft.AspNetCore.Diagnostics.ExceptionHandlerMiddleware|An unhandled exception has occurred while executing the request.
2020-12-03 16:17:55.2140|INFO|Microsoft.Hosting.Lifetime|Application started. Press Ctrl+C to shut down.
2020-12-03 16:17:55.2407|INFO|Microsoft.Hosting.Lifetime|Hosting environment: Developer
2020-12-03 16:17:55.2407|INFO|Microsoft.Hosting.Lifetime|Content root path: C:\Users\admin\source\repos\mvc\mvc
2020-12-03 16:18:19.1414|INFO|Microsoft.Hosting.Lifetime|Application started. Press Ctrl+C to shut down.
2020-12-03 16:18:19.1678|INFO|Microsoft.Hosting.Lifetime|Hosting environment: Developer
2020-12-03 16:18:19.1729|INFO|Microsoft.Hosting.Lifetime|Content root path: C:\Users\admin\source\repos\mvc\mvc
2020-12-03 16:18:28.3902|ERROR|Microsoft.AspNetCore.Diagnostics.ExceptionHandlerMiddleware|An unhandled exception has occurred while executing the request.
2020-12-03 16:18:58.0636|INFO|Microsoft.Hosting.Lifetime|Application started. Press Ctrl+C to shut down.
2020-12-03 16:18:58.0905|INFO|Microsoft.Hosting.Lifetime|Hosting environment: Developer
2020-12-03 16:18:58.0952|INFO|Microsoft.Hosting.Lifetime|Content root path: C:\Users\admin\source\repos\mvc\mvc
2020-12-03 16:19:10.1176|ERROR|Microsoft.AspNetCore.Diagnostics.ExceptionHandlerMiddleware|An unhandled exception has occurred while executing the request.
2020-12-03 16:22:07.2965|INFO|Microsoft.Hosting.Lifetime|Application started. Press Ctrl+C to shut down.
2020-12-03 16:22:07.3255|INFO|Microsoft.Hosting.Lifetime|Hosting environment: Developer
2020-12-03 16:22:07.3309|INFO|Microsoft.Hosting.Lifetime|Content root path: C:\Users\admin\source\repos\mvc\mvc
2020-12-03 16:22:12.1522|ERROR|Microsoft.AspNetCore.Diagnostics.ExceptionHandlerMiddleware|An unhandled exception has occurred while executing the request.
2020-12-03 16:22:41.4969|INFO|Microsoft.Hosting.Lifetime|Application started. Press Ctrl+C to shut down.
2020-12-03 16:22:41.5255|INFO|Microsoft.Hosting.Lifetime|Hosting environment: Developer
2020-12-03 16:22:41.5307|INFO|Microsoft.Hosting.Lifetime|Content root path: C:\Users\admin\source\repos\mvc\mvc
2020-12-03 16:22:47.3354|ERROR|Microsoft.AspNetCore.Diagnostics.ExceptionHandlerMiddleware|An unhandled exception has occurred while executing the request.
2020-12-03 16:23:34.6258|INFO|Microsoft.Hosting.Lifetime|Application started. Press Ctrl+C to shut down.
2020-12-03 16:23:34.6529|INFO|Microsoft.Hosting.Lifetime|Hosting environment: Developer
2020-12-03 16:23:34.6583|INFO|Microsoft.Hosting.Lifetime|Content root path: C:\Users\admin\source\repos\mvc\mvc
2020-12-03 16:23:40.7677|ERROR|Microsoft.AspNetCore.Diagnostics.ExceptionHandlerMiddleware|An unhandled exception has occurred while executing the request.
2020-12-03 16:24:34.4938|INFO|Microsoft.Hosting.Lifetime|Application started. Press Ctrl+C to shut down.
2020-12-03 16:24:34.5165|INFO|Microsoft.Hosting.Lifetime|Hosting environment: Developer
2020-12-03 16:24:34.5165|INFO|Microsoft.Hosting.Lifetime|Content root path: C:\Users\admin\source\repos\mvc\mvc
2020-12-03 16:24:34.6293|ERROR|Microsoft.AspNetCore.Diagnostics.ExceptionHandlerMiddleware|An unhandled exception has occurred while executing the request.
2020-12-03 16:24:53.7702|INFO|Microsoft.Hosting.Lifetime|Application started. Press Ctrl+C to shut down.
2020-12-03 16:24:53.7973|INFO|Microsoft.Hosting.Lifetime|Hosting environment: Production
2020-12-03 16:24:53.7973|INFO|Microsoft.Hosting.Lifetime|Content root path: C:\Users\admin\source\repos\mvc\mvc
2020-12-03 16:24:55.5971|ERROR|Microsoft.AspNetCore.Diagnostics.ExceptionHandlerMiddleware|An unhandled exception has occurred while executing the request.
2020-12-03 16:46:40.8473|INFO|Microsoft.Hosting.Lifetime|Application started. Press Ctrl+C to shut down.
2020-12-03 16:46:40.8780|INFO|Microsoft.Hosting.Lifetime|Hosting environment: Production
2020-12-03 16:46:40.8780|INFO|Microsoft.Hosting.Lifetime|Content root path: C:\Users\admin\source\repos\mvc\mvc
2020-12-03 16:47:41.2242|INFO|Microsoft.Hosting.Lifetime|Application started. Press Ctrl+C to shut down.
2020-12-03 16:47:41.2505|INFO|Microsoft.Hosting.Lifetime|Hosting environment: Production
2020-12-03 16:47:41.2505|INFO|Microsoft.Hosting.Lifetime|Content root path: C:\Users\admin\source\repos\mvc\mvc
